#
# There is insufficient memory for the Java Runtime Environment to continue.
# Native memory allocation (mmap) failed to map 266338304 bytes. Error detail: G1 virtual space
# Possible reasons:
#   The system is out of physical RAM or swap space
#   This process is running with CompressedOops enabled, and the Java Heap may be blocking the growth of the native heap
# Possible solutions:
#   Reduce memory load on the system
#   Increase physical memory or swap space
#   Check if swap backing store is full
#   Decrease Java heap size (-Xmx/-Xms)
#   Decrease number of Java threads
#   Decrease Java thread stack sizes (-Xss)
#   Set larger code cache with -XX:ReservedCodeCacheSize=
#   JVM is running with Zero Based Compressed Oops mode in which the Java heap is
#     placed in the first 32GB address space. The Java Heap base address is the
#     maximum limit for the native heap growth. Please use -XX:HeapBaseMinAddress
#     to set the Java Heap base and to place the Java Heap above 32GB virtual address.
# This output file may be truncated or incomplete.
#
#  Out of Memory Error (os_windows.cpp:3926), pid=32488, tid=21424
#
# JRE version:  (21.0.10) (build )
# Java VM: OpenJDK 64-Bit Server VM (21.0.10+-14961533-b1163.108, mixed mode, sharing, tiered, compressed oops, compressed class ptrs, g1 gc, windows-amd64)
# No core dump will be written. Minidumps are not enabled by default on client versions of Windows
#

---------------  S U M M A R Y ------------

Command Line: git4idea.http.GitAskPassApp Username for 'https://github.com': 

Host: Intel(R) Core(TM) i7-10510U CPU @ 1.80GHz, 8 cores, 15G,  Windows 11 , 64 bit Build 26100 (10.0.26100.8328)
Time: Tue Jun  2 11:29:53 2026 elapsed time: 1.151853 seconds (0d 0h 0m 1s)

---------------  T H R E A D  ---------------

Current thread (0x00000211fb2b82d0):  JavaThread "Unknown thread" [_thread_in_vm, id=21424, stack(0x000000df60e00000,0x000000df60f00000) (1024K)]

Stack: [0x000000df60e00000,0x000000df60f00000]
Native frames: (J=compiled Java code, j=interpreted, Vv=VM code, C=native code)
V  [jvm.dll+0x6d78a9]
V  [jvm.dll+0x8665b3]
V  [jvm.dll+0x868bde]
V  [jvm.dll+0x8692c3]
V  [jvm.dll+0x280ee6]
V  [jvm.dll+0x6d4165]
V  [jvm.dll+0x6c77fa]
V  [jvm.dll+0x358f4b]
V  [jvm.dll+0x360bc6]
V  [jvm.dll+0x3b2ea6]
V  [jvm.dll+0x3b3178]
V  [jvm.dll+0x32b65c]
V  [jvm.dll+0x32c34b]
V  [jvm.dll+0x82f449]
V  [jvm.dll+0x3c0078]
V  [jvm.dll+0x8185e8]
V  [jvm.dll+0x45449e]
V  [jvm.dll+0x455c01]
C  [jli.dll+0x52ab]
C  [ucrtbase.dll+0x37b0]
C  [KERNEL32.DLL+0x2e957]
C  [ntdll.dll+0x427c]


---------------  P R O C E S S  ---------------

Threads class SMR info:
_java_thread_list=0x00007ffd970bb9c8, length=0, elements={
}

Java Threads: ( => current thread )
Total: 0

Other Threads:
  0x00000211fd6f1180 WorkerThread "GC Thread#0"                     [id=24436, stack(0x000000df60f00000,0x000000df61000000) (1024K)]
  0x00000211fd701dc0 ConcurrentGCThread "G1 Main Marker"            [id=4404, stack(0x000000df61000000,0x000000df61100000) (1024K)]
  0x00000211fd7027d0 WorkerThread "G1 Conc#0"                       [id=29896, stack(0x000000df61100000,0x000000df61200000) (1024K)]

[error occurred during error reporting (printing all threads), id 0xc0000005, EXCEPTION_ACCESS_VIOLATION (0xc0000005) at pc=0x00007ffd968ae637]
VM state: not at safepoint (not fully initialized)

VM Mutex/Monitor currently owned by a thread:  ([mutex/lock_event])
[0x00007ffd971287d0] Heap_lock - owner thread: 0x00000211fb2b82d0

Heap address: 0x0000000702a00000, size: 4054 MB, Compressed Oops mode: Zero based, Oop shift amount: 3

CDS archive(s) mapped at: [0x0000000000000000-0x0000000000000000-0x0000000000000000), size 0, SharedBaseAddress: 0x0000000800000000, ArchiveRelocationMode: 1.
Narrow klass base: 0x0000000000000000, Narrow klass shift: 0, Narrow klass range: 0x0

GC Precious Log:
 CardTable entry size: 512
 Card Set container configuration: InlinePtr #cards 4 size 8 Array Of Cards #cards 16 size 48 Howl #buckets 8 coarsen threshold 3686 Howl Bitmap #cards 512 size 80 coarsen threshold 460 Card regions per heap region 1 cards per card region 4096

Heap:
 garbage-first heap   total 0K, used 0K [0x0000000702a00000, 0x0000000800000000)
  region size 2048K, 0 young (0K), 0 survivors (0K)
 Metaspace       used 0K, committed 0K, reserved 0K
  class space    used 0K, committed 0K, reserved 0K

Heap Regions: E=young(eden), S=young(survivor), O=old, HS=humongous(starts), HC=humongous(continues), CS=collection set, F=free, TAMS=top-at-mark-start, PB=parsable bottom

Card table byte_map: [0x00000211fe270000,0x00000211fea60000] _byte_map_base: 0x00000211faa5b000

Marking Bits: (CMBitMap*) 0x00000211fd6f1790
 Bits: [0x00000211920a0000, 0x0000021195ff8000)

GC Heap History (0 events):
No events

Dll operation events (1 events):
Event: 0.008 Loaded shared library D:\AndroidStudio\jbr\bin\java.dll

Deoptimization events (0 events):
No events

Classes loaded (0 events):
No events

Classes unloaded (0 events):
No events

Classes redefined (0 events):
No events

Internal exceptions (0 events):
No events

ZGC Phase Switch (0 events):
No events

VM Operations (0 events):
No events

Memory protections (0 events):
No events

Nmethod flushes (0 events):
No events

Events (0 events):
No events


Dynamic libraries:
0x00007ff6109b0000 - 0x00007ff6109ba000 	D:\AndroidStudio\jbr\bin\java.exe
0x00007ffe57fe0000 - 0x00007ffe58247000 	C:\WINDOWS\SYSTEM32\ntdll.dll
0x00007ffe575a0000 - 0x00007ffe57669000 	C:\WINDOWS\System32\KERNEL32.DLL
0x00007ffe557e0000 - 0x00007ffe55bd7000 	C:\WINDOWS\System32\KERNELBASE.dll
0x00007ffe55520000 - 0x00007ffe5566b000 	C:\WINDOWS\System32\ucrtbase.dll
0x00007ffe44920000 - 0x00007ffe4493b000 	D:\AndroidStudio\jbr\bin\VCRUNTIME140.dll
0x00007ffe25f70000 - 0x00007ffe25f88000 	D:\AndroidStudio\jbr\bin\jli.dll
0x00007ffe569f0000 - 0x00007ffe56bb6000 	C:\WINDOWS\System32\USER32.dll
0x00007ffe41860000 - 0x00007ffe41af2000 	C:\WINDOWS\WinSxS\amd64_microsoft.windows.common-controls_6595b64144ccf1df_6.0.26100.8457_none_3e0b2faee331e92d\COMCTL32.dll
0x00007ffe554f0000 - 0x00007ffe55517000 	C:\WINDOWS\System32\win32u.dll
0x00007ffe57840000 - 0x00007ffe578e9000 	C:\WINDOWS\System32\msvcrt.dll
0x00007ffe57800000 - 0x00007ffe5782b000 	C:\WINDOWS\System32\GDI32.dll
0x00007ffe553c0000 - 0x00007ffe554ec000 	C:\WINDOWS\System32\gdi32full.dll
0x00007ffe54a10000 - 0x00007ffe54ab3000 	C:\WINDOWS\System32\msvcp_win.dll
0x00007ffe570b0000 - 0x00007ffe570e2000 	C:\WINDOWS\System32\IMM32.DLL
0x00007ffe474b0000 - 0x00007ffe474bc000 	D:\AndroidStudio\jbr\bin\vcruntime140_1.dll
0x00007ffe09120000 - 0x00007ffe091ad000 	D:\AndroidStudio\jbr\bin\msvcp140.dll
0x00007ffd96570000 - 0x00007ffd97206000 	D:\AndroidStudio\jbr\bin\server\jvm.dll
0x00007ffe56070000 - 0x00007ffe56126000 	C:\WINDOWS\System32\ADVAPI32.dll
0x00007ffe57e30000 - 0x00007ffe57ed7000 	C:\WINDOWS\System32\sechost.dll
0x00007ffe55d60000 - 0x00007ffe55e78000 	C:\WINDOWS\System32\RPCRT4.dll
0x00007ffe55ee0000 - 0x00007ffe55f60000 	C:\WINDOWS\System32\WS2_32.dll
0x00007ffe54870000 - 0x00007ffe548ce000 	C:\WINDOWS\SYSTEM32\POWRPROF.dll
0x00007ffe52dc0000 - 0x00007ffe52df6000 	C:\WINDOWS\SYSTEM32\WINMM.dll
0x00007ffe4ae90000 - 0x00007ffe4ae9b000 	C:\WINDOWS\SYSTEM32\VERSION.dll
0x00007ffe54850000 - 0x00007ffe54864000 	C:\WINDOWS\SYSTEM32\UMPDC.dll
0x00007ffe53770000 - 0x00007ffe5378b000 	C:\WINDOWS\SYSTEM32\kernel.appcore.dll
0x00007ffe3aa80000 - 0x00007ffe3aa8a000 	D:\AndroidStudio\jbr\bin\jimage.dll
0x00007ffe527a0000 - 0x00007ffe529e2000 	C:\WINDOWS\SYSTEM32\DBGHELP.DLL
0x00007ffe578f0000 - 0x00007ffe57c73000 	C:\WINDOWS\System32\combase.dll
0x00007ffe55f90000 - 0x00007ffe56069000 	C:\WINDOWS\System32\OLEAUT32.dll
0x00007ffe35970000 - 0x00007ffe359ab000 	C:\WINDOWS\SYSTEM32\dbgcore.DLL
0x00007ffe55730000 - 0x00007ffe557d8000 	C:\WINDOWS\System32\bcryptPrimitives.dll
0x00007ffe15610000 - 0x00007ffe15630000 	D:\AndroidStudio\jbr\bin\java.dll

JVMTI agents: none

dbghelp: loaded successfully - version: 4.0.5 - missing functions: none
symbol engine: initialized successfully - sym options: 0x614 - pdb path: .;D:\AndroidStudio\jbr\bin;C:\WINDOWS\SYSTEM32;C:\WINDOWS\WinSxS\amd64_microsoft.windows.common-controls_6595b64144ccf1df_6.0.26100.8457_none_3e0b2faee331e92d;D:\AndroidStudio\jbr\bin\server

VM Arguments:
java_command: git4idea.http.GitAskPassApp Username for 'https://github.com': 
java_class_path (initial): D:/AndroidStudio/plugins/vcs-git/lib/git4idea-rt.jar;D:/AndroidStudio/lib/externalProcess-rt.jar
Launcher Type: SUN_STANDARD

[Global flags]
     intx CICompilerCount                          = 4                                         {product} {ergonomic}
     uint ConcGCThreads                            = 2                                         {product} {ergonomic}
     uint G1ConcRefinementThreads                  = 8                                         {product} {ergonomic}
   size_t G1HeapRegionSize                         = 2097152                                   {product} {ergonomic}
    uintx GCDrainStackTargetSize                   = 64                                        {product} {ergonomic}
   size_t InitialHeapSize                          = 266338304                                 {product} {ergonomic}
   size_t MarkStackSize                            = 4194304                                   {product} {ergonomic}
   size_t MaxHeapSize                              = 4250927104                                {product} {ergonomic}
   size_t MinHeapDeltaBytes                        = 2097152                                   {product} {ergonomic}
   size_t MinHeapSize                              = 8388608                                   {product} {ergonomic}
    uintx NonNMethodCodeHeapSize                   = 5839372                                {pd product} {ergonomic}
    uintx NonProfiledCodeHeapSize                  = 122909434                              {pd product} {ergonomic}
    uintx ProfiledCodeHeapSize                     = 122909434                              {pd product} {ergonomic}
    uintx ReservedCodeCacheSize                    = 251658240                              {pd product} {ergonomic}
     bool SegmentedCodeCache                       = true                                      {product} {ergonomic}
   size_t SoftMaxHeapSize                          = 4250927104                             {manageable} {ergonomic}
     bool UseCompressedOops                        = true                           {product lp64_product} {ergonomic}
     bool UseG1GC                                  = true                                      {product} {ergonomic}
     bool UseLargePagesIndividualAllocation        = false                                  {pd product} {ergonomic}

Logging:
Log output configuration:
 #0: stdout all=warning uptime,level,tags foldmultilines=false
 #1: stderr all=off uptime,level,tags foldmultilines=false

Release file:
<release file has not been read>
Environment Variables:
PATH=C:/Program Files/Git/mingw64/libexec/git-core;C:/Program Files/Git/mingw64/libexec/git-core;C:\Program Files\Git\mingw64\bin;C:\Program Files\Git\usr\bin;C:\Users\Camille\bin;C:\Program Files\Common Files\Oracle\Java\javapath;C:\Program Files (x86)\Common Files\Oracle\Java\java8path;C:\Program Files (x86)\Common Files\Oracle\Java\javapath;C:\Users\Camille\OneDrive\Documents\jdk-24_linux-aarch64_bin.tar.gz\jdk-24.0.1\bin;C:\ProgramData\Oracle\Java\javapath;C:\Program Files\Python39\Scripts\;C:\Program Files\Python39\;C:\Windows\system32;C:\Windows;C:\Windows\System32\Wbem;C:\Windows\System32\WindowsPowerShell\v1.0\;C:\Windows\System32\OpenSSH\;C:\WINDOWS\system32;C:\WINDOWS;C:\WINDOWS\System32\Wbem;C:\WINDOWS\System32\WindowsPowerShell\v1.0\;C:\WINDOWS\System32\OpenSSH\;C:\Program Files (x86)\dotnet\;C:\Users\Camille\AppData\Local\Programs\Python\Python311\Scripts;C:\Program Files\NVIDIA Corporation\NVIDIA App\NvDLISR;C:\xampp\php;C:\Program Files\jdk-24.0.1\bin;C:\Program Files\nodejs\;C:\Program Files\dotnet\;C:\Program Files\Git\cmd;C:\Users\Camille\scoop\shims;C:\Users\Camille\AppData\Local\Microsoft\WindowsApps;C:\Users\Camille\AppData\Roaming\npm
USERNAME=Camille
DISPLAY=:0.0
LC_ALL=en_US.UTF-8
TERM=xterm-256color
TMPDIR=C:\Users\Camille\AppData\Local\Temp
OS=Windows_NT
PROCESSOR_IDENTIFIER=Intel64 Family 6 Model 142 Stepping 12, GenuineIntel
TMP=C:\Users\Camille\AppData\Local\Temp
TEMP=C:\Users\Camille\AppData\Local\Temp




Periodic native trim disabled

JNI global refs:
JNI global refs: 0, weak refs: 0

JNI global refs memory usage: 0, weak refs: 0

Process memory usage:
Resident Set Size: 13144K (0% of 16601588K total physical memory with 2121228K free physical memory)

OOME stack traces (most recent first):
Classloader memory used:

---------------  S Y S T E M  ---------------

OS:
 Windows 11 , 64 bit Build 26100 (10.0.26100.8328)
OS uptime: 7 days 2:11 hours
Hyper-V role detected

CPU: total 8 (initial active 8) (4 cores per cpu, 2 threads per core) family 6 model 142 stepping 12 microcode 0xde, cx8, cmov, fxsr, ht, mmx, 3dnowpref, sse, sse2, sse3, ssse3, sse4.1, sse4.2, popcnt, lzcnt, tsc, tscinvbit, avx, avx2, aes, erms, clmul, bmi1, bmi2, adx, fma, vzeroupper, clflush, clflushopt, hv, rdtscp, f16c
Processor Information for the first 8 processors :
  Max Mhz: 2304, Current Mhz: 1803, Mhz Limit: 1797

Memory: 4k page, system-wide physical 16212M (2071M free)
TotalPageFile size 19134M (AvailPageFile size 60M)
current process WorkingSet (physical memory assigned to process): 12M, peak: 12M
current process commit charge ("private bytes"): 60M, peak: 314M

vm_info: OpenJDK 64-Bit Server VM (21.0.10+-14961533-b1163.108) for windows-amd64 JRE (21.0.10+-14961533-b1163.108), built on 2026-03-02T19:58:50Z by "builder" with MS VC++ 16.10 / 16.11 (VS2019)

END.
